<?xml version="1.0" encoding="UTF-8"?>
<!-- Generated by org.testng.reporters.JUnitReportReporter -->
<testsuite hostname="LAPTOP-T69AHU1A" failures="1" tests="8" name="automate.quickstart.editProfileHamburgerMenu" time="238.718" errors="1" timestamp="2023-04-18T16:25:32 IST" skipped="0">
  <testcase classname="automate.quickstart.editProfileHamburgerMenu" name="registrationLessThanTen" time="28.469"/>
  <system-out>
    <![CDATA[Send OTP button is not enabled as the number is less than 10 digit

Toaster message :- Oops! Please enter a valid 10 digit mobile number]]>
  </system-out>
  <testcase classname="automate.quickstart.editProfileHamburgerMenu" name="registrationNegativeTestCaseZeroInput" time="16.411"/>
  <system-out>
    <![CDATA[
Send OTP button is not enabled as the number is not valid

Toaster message :- Oops! Please enter a valid 10 digit mobile number]]>
  </system-out>
  <testcase classname="automate.quickstart.editProfileHamburgerMenu" name="RegistrationTermandConditionNegativeTestCase" time="21.183"/>
  <system-out>
    <![CDATA[
Send OTP button is not enabled as User has not accept term and conditions

Toaster message :- Please accept Terms & Conditions]]>
  </system-out>
  <testcase classname="automate.quickstart.editProfileHamburgerMenu" name="RegistrationPositveTestCase" time="60.955"/>
  <system-out/>
  <testcase classname="automate.quickstart.editProfileHamburgerMenu" name="registrationTellUsNegativeTestCase" time="30.160">
    <failure message="expected [null] but found [[[io.appium.java_client.android.AndroidDriver, Capabilities: {adbExecTimeout=60000, appActivity=com.stocky_dodo.app.MainActivity, appPackage=com.stocky_dodo.app, appWaitForLaunch=false, automationName=UiAutomator2, databaseEnabled=false, desired={platformName=android, adbExecTimeout=60000, appActivity=com.stocky_dodo.app.MainActivity, appPackage=com.stocky_dodo.app, appWaitForLaunch=false, automationName=UiAutomator2, deviceName=realme RMX3081, noReset=true}, deviceApiLevel=31, deviceManufacturer=realme, deviceModel=RMX3081, deviceName=21b7da02, deviceScreenDensity=480, deviceScreenSize=1080x2400, deviceUDID=21b7da02, javascriptEnabled=true, locationContextEnabled=false, networkConnectionEnabled=true, noReset=true, pixelRatio=3, platform=LINUX, platformName=Android, platformVersion=12, statBarHeight=108, takesScreenshot=true, viewportRect={left=0, top=108, width=1080, height=2050}, warnings={}, webStorageEnabled=false}] -&gt; accessibility id: Select your Dodo avatar]]" type="java.lang.AssertionError">
      <![CDATA[java.lang.AssertionError: expected [null] but found [[[io.appium.java_client.android.AndroidDriver, Capabilities: {adbExecTimeout=60000, appActivity=com.stocky_dodo.app.MainActivity, appPackage=com.stocky_dodo.app, appWaitForLaunch=false, automationName=UiAutomator2, databaseEnabled=false, desired={platformName=android, adbExecTimeout=60000, appActivity=com.stocky_dodo.app.MainActivity, appPackage=com.stocky_dodo.app, appWaitForLaunch=false, automationName=UiAutomator2, deviceName=realme RMX3081, noReset=true}, deviceApiLevel=31, deviceManufacturer=realme, deviceModel=RMX3081, deviceName=21b7da02, deviceScreenDensity=480, deviceScreenSize=1080x2400, deviceUDID=21b7da02, javascriptEnabled=true, locationContextEnabled=false, networkConnectionEnabled=true, noReset=true, pixelRatio=3, platform=LINUX, platformName=Android, platformVersion=12, statBarHeight=108, takesScreenshot=true, viewportRect={left=0, top=108, width=1080, height=2050}, warnings={}, webStorageEnabled=false}] -> accessibility id: Select your Dodo avatar]]
at org.testng.Assert.fail(Assert.java:99)
at org.testng.Assert.failNotSame(Assert.java:1033)
at org.testng.Assert.assertNull(Assert.java:965)
at org.testng.Assert.assertNull(Assert.java:953)
at automate.quickstart.editProfileHamburgerMenu.registrationTellUsNegativeTestCase(editProfileHamburgerMenu.java:489)
at java.base/jdk.internal.reflect.NativeMethodAccessorImpl.invoke0(Native Method)
at java.base/jdk.internal.reflect.NativeMethodAccessorImpl.invoke(NativeMethodAccessorImpl.java:77)
at java.base/jdk.internal.reflect.DelegatingMethodAccessorImpl.invoke(DelegatingMethodAccessorImpl.java:43)
at java.base/java.lang.reflect.Method.invoke(Method.java:568)
at org.testng.internal.MethodInvocationHelper.invokeMethod(MethodInvocationHelper.java:133)
at org.testng.internal.TestInvoker.invokeMethod(TestInvoker.java:598)
at org.testng.internal.TestInvoker.invokeTestMethod(TestInvoker.java:173)
at org.testng.internal.MethodRunner.runInSequence(MethodRunner.java:46)
at org.testng.internal.TestInvoker$MethodInvocationAgent.invoke(TestInvoker.java:824)
at org.testng.internal.TestInvoker.invokeTestMethods(TestInvoker.java:146)
at org.testng.internal.TestMethodWorker.invokeTestMethods(TestMethodWorker.java:146)
at org.testng.internal.TestMethodWorker.run(TestMethodWorker.java:128)
at java.base/java.util.ArrayList.forEach(ArrayList.java:1511)
at org.testng.TestRunner.privateRun(TestRunner.java:794)
at org.testng.TestRunner.run(TestRunner.java:596)
at org.testng.SuiteRunner.runTest(SuiteRunner.java:377)
at org.testng.SuiteRunner.runSequentially(SuiteRunner.java:371)
at org.testng.SuiteRunner.privateRun(SuiteRunner.java:332)
at org.testng.SuiteRunner.run(SuiteRunner.java:276)
at org.testng.SuiteRunnerWorker.runSuite(SuiteRunnerWorker.java:53)
at org.testng.SuiteRunnerWorker.run(SuiteRunnerWorker.java:96)
at org.testng.TestNG.runSuitesSequentially(TestNG.java:1212)
at org.testng.TestNG.runSuitesLocally(TestNG.java:1134)
at org.testng.TestNG.runSuites(TestNG.java:1063)
at org.testng.TestNG.run(TestNG.java:1031)
at org.testng.remote.AbstractRemoteTestNG.run(AbstractRemoteTestNG.java:115)
at org.testng.remote.RemoteTestNG.initAndRun(RemoteTestNG.java:251)
at org.testng.remote.RemoteTestNG.main(RemoteTestNG.java:77)
]]>
    </failure>
  </testcase> <!-- registrationTellUsNegativeTestCase -->
  <system-out>
    <![CDATA[AD]]>
  </system-out>
  <testcase classname="automate.quickstart.editProfileHamburgerMenu" name="ReferralNegative" time="25.406"/>
  <system-out/>
  <testcase classname="automate.quickstart.editProfileHamburgerMenu" name="Referralpositivecase" time="3.807"/>
  <system-out/>
  <testcase classname="automate.quickstart.editProfileHamburgerMenu" name="RegistrationProfileName_NegativeTestCase" time="52.327">
    <error message="An element could not be located on the page using the given search parameters.
For documentation on this error, please visit: https://www.seleniumhq.org/exceptions/no_such_element.html
Build info: version: &#039;3.141.59&#039;, revision: &#039;e82be7d358&#039;, time: &#039;2018-11-14T08:17:03&#039;
System info: host: &#039;LAPTOP-T69AHU1A&#039;, ip: &#039;192.168.0.198&#039;, os.name: &#039;Windows 10&#039;, os.arch: &#039;amd64&#039;, os.version: &#039;10.0&#039;, java.version: &#039;17.0.6&#039;
Driver info: io.appium.java_client.android.AndroidDriver
Capabilities {adbExecTimeout: 60000, appActivity: com.stocky_dodo.app.MainAct..., appPackage: com.stocky_dodo.app, appWaitForLaunch: false, automationName: UiAutomator2, databaseEnabled: false, desired: {adbExecTimeout: 60000, appActivity: com.stocky_dodo.app.MainAct..., appPackage: com.stocky_dodo.app, appWaitForLaunch: false, automationName: UiAutomator2, deviceName: realme RMX3081, noReset: true, platformName: android}, deviceApiLevel: 31, deviceManufacturer: realme, deviceModel: RMX3081, deviceName: 21b7da02, deviceScreenDensity: 480, deviceScreenSize: 1080x2400, deviceUDID: 21b7da02, javascriptEnabled: true, locationContextEnabled: false, networkConnectionEnabled: true, noReset: true, pixelRatio: 3, platform: LINUX, platformName: Android, platformVersion: 12, statBarHeight: 108, takesScreenshot: true, viewportRect: {height: 2050, left: 0, top: 108, width: 1080}, warnings: {}, webStorageEnabled: false}
Session ID: 92419583-940c-43fc-b8c4-be9bb8d02c5d
*** Element info: {Using=xpath, value=//android.view.View[@content-desc=&#039;Profile name cannot start with a number or special character&#039;]}" type="org.openqa.selenium.NoSuchElementException">
      <![CDATA[org.openqa.selenium.NoSuchElementException: An element could not be located on the page using the given search parameters.
For documentation on this error, please visit: https://www.seleniumhq.org/exceptions/no_such_element.html
Build info: version: '3.141.59', revision: 'e82be7d358', time: '2018-11-14T08:17:03'
System info: host: 'LAPTOP-T69AHU1A', ip: '192.168.0.198', os.name: 'Windows 10', os.arch: 'amd64', os.version: '10.0', java.version: '17.0.6'
Driver info: io.appium.java_client.android.AndroidDriver
Capabilities {adbExecTimeout: 60000, appActivity: com.stocky_dodo.app.MainAct..., appPackage: com.stocky_dodo.app, appWaitForLaunch: false, automationName: UiAutomator2, databaseEnabled: false, desired: {adbExecTimeout: 60000, appActivity: com.stocky_dodo.app.MainAct..., appPackage: com.stocky_dodo.app, appWaitForLaunch: false, automationName: UiAutomator2, deviceName: realme RMX3081, noReset: true, platformName: android}, deviceApiLevel: 31, deviceManufacturer: realme, deviceModel: RMX3081, deviceName: 21b7da02, deviceScreenDensity: 480, deviceScreenSize: 1080x2400, deviceUDID: 21b7da02, javascriptEnabled: true, locationContextEnabled: false, networkConnectionEnabled: true, noReset: true, pixelRatio: 3, platform: LINUX, platformName: Android, platformVersion: 12, statBarHeight: 108, takesScreenshot: true, viewportRect: {height: 2050, left: 0, top: 108, width: 1080}, warnings: {}, webStorageEnabled: false}
Session ID: 92419583-940c-43fc-b8c4-be9bb8d02c5d
*** Element info: {Using=xpath, value=//android.view.View[@content-desc='Profile name cannot start with a number or special character']}
at java.base/jdk.internal.reflect.NativeConstructorAccessorImpl.newInstance0(Native Method)
at java.base/jdk.internal.reflect.NativeConstructorAccessorImpl.newInstance(NativeConstructorAccessorImpl.java:77)
at java.base/jdk.internal.reflect.DelegatingConstructorAccessorImpl.newInstance(DelegatingConstructorAccessorImpl.java:45)
at java.base/java.lang.reflect.Constructor.newInstanceWithCaller(Constructor.java:499)
at java.base/java.lang.reflect.Constructor.newInstance(Constructor.java:480)
at org.openqa.selenium.remote.http.W3CHttpResponseCodec.createException(W3CHttpResponseCodec.java:187)
at org.openqa.selenium.remote.http.W3CHttpResponseCodec.decode(W3CHttpResponseCodec.java:122)
at org.openqa.selenium.remote.http.W3CHttpResponseCodec.decode(W3CHttpResponseCodec.java:49)
at org.openqa.selenium.remote.HttpCommandExecutor.execute(HttpCommandExecutor.java:158)
at io.appium.java_client.remote.AppiumCommandExecutor.execute(AppiumCommandExecutor.java:250)
at org.openqa.selenium.remote.RemoteWebDriver.execute(RemoteWebDriver.java:552)
at io.appium.java_client.DefaultGenericMobileDriver.execute(DefaultGenericMobileDriver.java:41)
at io.appium.java_client.AppiumDriver.execute(AppiumDriver.java:1)
at io.appium.java_client.android.AndroidDriver.execute(AndroidDriver.java:1)
at org.openqa.selenium.remote.RemoteWebDriver.findElement(RemoteWebDriver.java:323)
at io.appium.java_client.DefaultGenericMobileDriver.findElement(DefaultGenericMobileDriver.java:61)
at io.appium.java_client.AppiumDriver.findElement(AppiumDriver.java:1)
at io.appium.java_client.android.AndroidDriver.findElement(AndroidDriver.java:1)
at org.openqa.selenium.remote.RemoteWebDriver.findElementByXPath(RemoteWebDriver.java:428)
at io.appium.java_client.DefaultGenericMobileDriver.findElementByXPath(DefaultGenericMobileDriver.java:151)
at io.appium.java_client.AppiumDriver.findElementByXPath(AppiumDriver.java:1)
at io.appium.java_client.android.AndroidDriver.findElementByXPath(AndroidDriver.java:1)
at org.openqa.selenium.By$ByXPath.findElement(By.java:353)
at org.openqa.selenium.remote.RemoteWebDriver.findElement(RemoteWebDriver.java:315)
at io.appium.java_client.DefaultGenericMobileDriver.findElement(DefaultGenericMobileDriver.java:57)
at io.appium.java_client.AppiumDriver.findElement(AppiumDriver.java:1)
at io.appium.java_client.android.AndroidDriver.findElement(AndroidDriver.java:1)
at automate.quickstart.editProfileHamburgerMenu.RegistrationProfileName_NegativeTestCase(editProfileHamburgerMenu.java:726)
at java.base/jdk.internal.reflect.NativeMethodAccessorImpl.invoke0(Native Method)
at java.base/jdk.internal.reflect.NativeMethodAccessorImpl.invoke(NativeMethodAccessorImpl.java:77)
at java.base/jdk.internal.reflect.DelegatingMethodAccessorImpl.invoke(DelegatingMethodAccessorImpl.java:43)
at java.base/java.lang.reflect.Method.invoke(Method.java:568)
at org.testng.internal.MethodInvocationHelper.invokeMethod(MethodInvocationHelper.java:133)
at org.testng.internal.TestInvoker.invokeMethod(TestInvoker.java:598)
at org.testng.internal.TestInvoker.invokeTestMethod(TestInvoker.java:173)
at org.testng.internal.MethodRunner.runInSequence(MethodRunner.java:46)
at org.testng.internal.TestInvoker$MethodInvocationAgent.invoke(TestInvoker.java:824)
at org.testng.internal.TestInvoker.invokeTestMethods(TestInvoker.java:146)
at org.testng.internal.TestMethodWorker.invokeTestMethods(TestMethodWorker.java:146)
at org.testng.internal.TestMethodWorker.run(TestMethodWorker.java:128)
at java.base/java.util.ArrayList.forEach(ArrayList.java:1511)
at org.testng.TestRunner.privateRun(TestRunner.java:794)
at org.testng.TestRunner.run(TestRunner.java:596)
at org.testng.SuiteRunner.runTest(SuiteRunner.java:377)
at org.testng.SuiteRunner.runSequentially(SuiteRunner.java:371)
at org.testng.SuiteRunner.privateRun(SuiteRunner.java:332)
at org.testng.SuiteRunner.run(SuiteRunner.java:276)
at org.testng.SuiteRunnerWorker.runSuite(SuiteRunnerWorker.java:53)
at org.testng.SuiteRunnerWorker.run(SuiteRunnerWorker.java:96)
at org.testng.TestNG.runSuitesSequentially(TestNG.java:1212)
at org.testng.TestNG.runSuitesLocally(TestNG.java:1134)
at org.testng.TestNG.runSuites(TestNG.java:1063)
at org.testng.TestNG.run(TestNG.java:1031)
at org.testng.remote.AbstractRemoteTestNG.run(AbstractRemoteTestNG.java:115)
at org.testng.remote.RemoteTestNG.initAndRun(RemoteTestNG.java:251)
at org.testng.remote.RemoteTestNG.main(RemoteTestNG.java:77)
]]>
    </error>
  </testcase> <!-- RegistrationProfileName_NegativeTestCase -->
  <system-out>
    <![CDATA["-aditya"]]>
  </system-out>
</testsuite> <!-- automate.quickstart.editProfileHamburgerMenu -->
