<?xml version="1.0" encoding="UTF-8"?>
<!-- Generated by org.testng.reporters.JUnitXMLReporter -->
<testsuite ignored="0" hostname="LAPTOP-T69AHU1A" failures="17" tests="42" name="Test" time="852.575" errors="0" timestamp="2023-05-15T03:11:22 IST">
  <testcase classname="automate.quickstart.Wallet" name="@BeforeMethod setup" time="0.0">
    <failure type="java.lang.Error" message="Unresolved compilation problem: 
	String literal is not properly closed by a double-quote
">
      <![CDATA[java.lang.Error: Unresolved compilation problem: 
String literal is not properly closed by a double-quote

at automate.quickstart.Wallet.setup(Wallet.java:63)
at java.base/java.util.ArrayList.forEach(ArrayList.java:1511)
... Removed 31 stack frames]]>
    </failure>
  </testcase> <!-- @BeforeMethod setup -->
  <testcase classname="automate.quickstart.Wallet" name="@AfterMethod tear" time="-1.684100467101E9">
    <skipped/>
  </testcase> <!-- @AfterMethod tear -->
  <testcase classname="automate.quickstart.Wallet" name="@BeforeMethod setup" time="-1.684100467103E9">
    <skipped/>
  </testcase> <!-- @BeforeMethod setup -->
  <testcase classname="automate.quickstart.Wallet" name="@AfterMethod tear" time="-1.684100467107E9">
    <skipped/>
  </testcase> <!-- @AfterMethod tear -->
  <testcase classname="automate.quickstart.Wallet" name="@BeforeMethod setup" time="-1.684100467108E9">
    <skipped/>
  </testcase> <!-- @BeforeMethod setup -->
  <testcase classname="automate.quickstart.Wallet" name="@AfterMethod tear" time="-1.68410046711E9">
    <skipped/>
  </testcase> <!-- @AfterMethod tear -->
  <testcase classname="automate.quickstart.Wallet" name="@BeforeMethod setup" time="-1.684100467111E9">
    <skipped/>
  </testcase> <!-- @BeforeMethod setup -->
  <testcase classname="automate.quickstart.Wallet" name="@AfterMethod tear" time="-1.684100467113E9">
    <skipped/>
  </testcase> <!-- @AfterMethod tear -->
  <testcase classname="automate.quickstart.Wallet" name="@BeforeMethod setup" time="-1.684100467114E9">
    <skipped/>
  </testcase> <!-- @BeforeMethod setup -->
  <testcase classname="automate.quickstart.Wallet" name="@AfterMethod tear" time="-1.684100467117E9">
    <skipped/>
  </testcase> <!-- @AfterMethod tear -->
  <testcase classname="automate.quickstart.Wallet" name="@BeforeMethod setup" time="-1.684100467119E9">
    <skipped/>
  </testcase> <!-- @BeforeMethod setup -->
  <testcase classname="automate.quickstart.Wallet" name="@AfterMethod tear" time="-1.684100467123E9">
    <skipped/>
  </testcase> <!-- @AfterMethod tear -->
  <testcase classname="automate.quickstart.Wallet" name="@BeforeMethod setup" time="-1.684100467124E9">
    <skipped/>
  </testcase> <!-- @BeforeMethod setup -->
  <testcase classname="automate.quickstart.Wallet" name="@AfterMethod tear" time="-1.684100467127E9">
    <skipped/>
  </testcase> <!-- @AfterMethod tear -->
  <testcase classname="automate.quickstart.Wallet" name="@BeforeMethod setup" time="-1.684100467129E9">
    <skipped/>
  </testcase> <!-- @BeforeMethod setup -->
  <testcase classname="automate.quickstart.Wallet" name="@AfterMethod tear" time="-1.684100467131E9">
    <skipped/>
  </testcase> <!-- @AfterMethod tear -->
  <testcase classname="automate.quickstart.Wallet" name="@BeforeMethod setup" time="-1.684100467133E9">
    <skipped/>
  </testcase> <!-- @BeforeMethod setup -->
  <testcase classname="automate.quickstart.Wallet" name="@AfterMethod tear" time="-1.684100467136E9">
    <skipped/>
  </testcase> <!-- @AfterMethod tear -->
  <testcase classname="automate.quickstart.EditProfile" name="checkElements" time="96.596"/>
  <testcase classname="automate.quickstart.EditProfile" name="hamburger_profile" time="45.788"/>
  <testcase classname="automate.quickstart.EditProfile" name="ProfileNameAlreadyTaken" time="56.26"/>
  <testcase classname="automate.quickstart.EditProfile" name="ProfileNameEmpty" time="58.553">
    <failure type="java.lang.AssertionError" message="expected [false] but found [true]">
      <![CDATA[java.lang.AssertionError: expected [false] but found [true]
at automate.quickstart.EditProfile.ProfileNameEmpty(EditProfile.java:129)
at java.base/java.util.ArrayList.forEach(ArrayList.java:1511)
... Removed 31 stack frames]]>
    </failure>
  </testcase> <!-- ProfileNameEmpty -->
  <testcase classname="automate.quickstart.EditProfile" name="ProfileNamelessThanthree" time="63.888">
    <failure type="org.openqa.selenium.NoSuchElementException" message="An element could not be located on the page using the given search parameters.
For documentation on this error, please visit: https://www.seleniumhq.org/exceptions/no_such_element.html
Build info: version: &amp;apos;3.141.59&amp;apos;, revision: &amp;apos;e82be7d358&amp;apos;, time: &amp;apos;2018-11-14T08:17:03&amp;apos;
System info: host: &amp;apos;LAPTOP-T69AHU1A&amp;apos;, ip: &amp;apos;192.168.0.104&amp;apos;, os.name: &amp;apos;Windows 10&amp;apos;, os.arch: &amp;apos;amd64&amp;apos;, os.version: &amp;apos;10.0&amp;apos;, java.version: &amp;apos;17.0.6&amp;apos;
Driver info: io.appium.java_client.android.AndroidDriver
Capabilities {adbExecTimeout: 60000, appActivity: com.stocky_dodo.app.MainAct..., appPackage: com.stocky_dodo.app, appWaitForLaunch: false, automationName: UiAutomator2, databaseEnabled: false, desired: {adbExecTimeout: 60000, appActivity: com.stocky_dodo.app.MainAct..., appPackage: com.stocky_dodo.app, appWaitForLaunch: false, automationName: UiAutomator2, deviceName: realme RMX3081, noReset: true, platformName: android}, deviceApiLevel: 31, deviceManufacturer: realme, deviceModel: RMX3081, deviceName: 21b7da02, deviceScreenDensity: 480, deviceScreenSize: 1080x2400, deviceUDID: 21b7da02, javascriptEnabled: true, locationContextEnabled: false, networkConnectionEnabled: true, noReset: true, pixelRatio: 3, platform: LINUX, platformName: Android, platformVersion: 12, statBarHeight: 108, takesScreenshot: true, viewportRect: {height: 2050, left: 0, top: 108, width: 1080}, warnings: {}, webStorageEnabled: false}
Session ID: c91d089d-a34b-44cf-b5a9-fe064ef2fc99
*** Element info: {Using=xpath, value=//android.widget.Toast}">
      <![CDATA[org.openqa.selenium.NoSuchElementException: An element could not be located on the page using the given search parameters.
For documentation on this error, please visit: https://www.seleniumhq.org/exceptions/no_such_element.html
Build info: version: '3.141.59', revision: 'e82be7d358', time: '2018-11-14T08:17:03'
System info: host: 'LAPTOP-T69AHU1A', ip: '192.168.0.104', os.name: 'Windows 10', os.arch: 'amd64', os.version: '10.0', java.version: '17.0.6'
Driver info: io.appium.java_client.android.AndroidDriver
Capabilities {adbExecTimeout: 60000, appActivity: com.stocky_dodo.app.MainAct..., appPackage: com.stocky_dodo.app, appWaitForLaunch: false, automationName: UiAutomator2, databaseEnabled: false, desired: {adbExecTimeout: 60000, appActivity: com.stocky_dodo.app.MainAct..., appPackage: com.stocky_dodo.app, appWaitForLaunch: false, automationName: UiAutomator2, deviceName: realme RMX3081, noReset: true, platformName: android}, deviceApiLevel: 31, deviceManufacturer: realme, deviceModel: RMX3081, deviceName: 21b7da02, deviceScreenDensity: 480, deviceScreenSize: 1080x2400, deviceUDID: 21b7da02, javascriptEnabled: true, locationContextEnabled: false, networkConnectionEnabled: true, noReset: true, pixelRatio: 3, platform: LINUX, platformName: Android, platformVersion: 12, statBarHeight: 108, takesScreenshot: true, viewportRect: {height: 2050, left: 0, top: 108, width: 1080}, warnings: {}, webStorageEnabled: false}
Session ID: c91d089d-a34b-44cf-b5a9-fe064ef2fc99
*** Element info: {Using=xpath, value=//android.widget.Toast}
at org.openqa.selenium.remote.http.W3CHttpResponseCodec.createException(W3CHttpResponseCodec.java:187)
at org.openqa.selenium.remote.http.W3CHttpResponseCodec.decode(W3CHttpResponseCodec.java:122)
at org.openqa.selenium.remote.http.W3CHttpResponseCodec.decode(W3CHttpResponseCodec.java:49)
at org.openqa.selenium.remote.HttpCommandExecutor.execute(HttpCommandExecutor.java:158)
at io.appium.java_client.remote.AppiumCommandExecutor.execute(AppiumCommandExecutor.java:250)
at org.openqa.selenium.remote.RemoteWebDriver.execute(RemoteWebDriver.java:552)
at io.appium.java_client.DefaultGenericMobileDriver.execute(DefaultGenericMobileDriver.java:41)
at io.appium.java_client.AppiumDriver.execute(AppiumDriver.java:1)
at io.appium.java_client.android.AndroidDriver.execute(AndroidDriver.java:1)
at org.openqa.selenium.remote.RemoteWebDriver.findElement(RemoteWebDriver.java:323)
at io.appium.java_client.DefaultGenericMobileDriver.findElement(DefaultGenericMobileDriver.java:61)
at io.appium.java_client.AppiumDriver.findElement(AppiumDriver.java:1)
at io.appium.java_client.android.AndroidDriver.findElement(AndroidDriver.java:1)
at org.openqa.selenium.remote.RemoteWebDriver.findElementByXPath(RemoteWebDriver.java:428)
at io.appium.java_client.DefaultGenericMobileDriver.findElementByXPath(DefaultGenericMobileDriver.java:151)
at io.appium.java_client.AppiumDriver.findElementByXPath(AppiumDriver.java:1)
at io.appium.java_client.android.AndroidDriver.findElementByXPath(AndroidDriver.java:1)
at org.openqa.selenium.By$ByXPath.findElement(By.java:353)
at org.openqa.selenium.remote.RemoteWebDriver.findElement(RemoteWebDriver.java:315)
at io.appium.java_client.DefaultGenericMobileDriver.findElement(DefaultGenericMobileDriver.java:57)
at io.appium.java_client.AppiumDriver.findElement(AppiumDriver.java:1)
at io.appium.java_client.android.AndroidDriver.findElement(AndroidDriver.java:1)
at automate.quickstart.EditProfile.ProfileNamelessThanthree(EditProfile.java:161)
at java.base/java.util.ArrayList.forEach(ArrayList.java:1511)
... Removed 32 stack frames]]>
    </failure>
  </testcase> <!-- ProfileNamelessThanthree -->
  <testcase classname="automate.quickstart.EditProfile" name="DOB_negativeOutofrange1" time="58.022"/>
  <testcase classname="automate.quickstart.EditProfile" name="DOB_negativeOutOfRange2" time="48.19"/>
  <testcase classname="automate.quickstart.EditProfile" name="Gender" time="83.031"/>
  <testcase classname="automate.quickstart.EditProfile" name="Account_settings_Edit_Profile" time="52.361"/>
  <testcase classname="automate.quickstart.EditProfile" name="ProfileDeepLinking" time="27.23"/>
  <testcase classname="automate.quickstart.EditProfile" name="MobileNumberNotEditable" time="42.726"/>
  <testcase classname="automate.quickstart.EditProfile" name="editProfile" time="59.179"/>
  <testcase classname="automate.quickstart.EditProfile" name="ProfileDeepLinkingInApp" time="10.853">
    <failure type="org.openqa.selenium.NoSuchElementException" message="An element could not be located on the page using the given search parameters.
For documentation on this error, please visit: https://www.seleniumhq.org/exceptions/no_such_element.html
Build info: version: &amp;apos;3.141.59&amp;apos;, revision: &amp;apos;e82be7d358&amp;apos;, time: &amp;apos;2018-11-14T08:17:03&amp;apos;
System info: host: &amp;apos;LAPTOP-T69AHU1A&amp;apos;, ip: &amp;apos;192.168.0.104&amp;apos;, os.name: &amp;apos;Windows 10&amp;apos;, os.arch: &amp;apos;amd64&amp;apos;, os.version: &amp;apos;10.0&amp;apos;, java.version: &amp;apos;17.0.6&amp;apos;
Driver info: io.appium.java_client.android.AndroidDriver
Capabilities {adbExecTimeout: 60000, appActivity: com.stocky_dodo.app.MainAct..., appPackage: com.stocky_dodo.app, appWaitForLaunch: false, automationName: UiAutomator2, databaseEnabled: false, desired: {adbExecTimeout: 60000, appActivity: com.stocky_dodo.app.MainAct..., appPackage: com.stocky_dodo.app, appWaitForLaunch: false, automationName: UiAutomator2, deviceName: realme RMX3081, noReset: true, platformName: android}, deviceApiLevel: 31, deviceManufacturer: realme, deviceModel: RMX3081, deviceName: 21b7da02, deviceScreenDensity: 480, deviceScreenSize: 1080x2400, deviceUDID: 21b7da02, javascriptEnabled: true, locationContextEnabled: false, networkConnectionEnabled: true, noReset: true, pixelRatio: 3, platform: LINUX, platformName: Android, platformVersion: 12, statBarHeight: 108, takesScreenshot: true, viewportRect: {height: 2050, left: 0, top: 108, width: 1080}, warnings: {}, webStorageEnabled: false}
Session ID: c9a8de80-032a-4062-9ea9-1f6324c1f41a
*** Element info: {Using=xpath, value=/hierarchy/android.widget.FrameLayout/android.widget.LinearLayout/android.widget.FrameLayout/android.widget.FrameLayout/android.widget.FrameLayout/android.view.View/android.view.View/android.view.View/android.view.View/android.view.View[1]/android.widget.ImageView[4]}">
      <![CDATA[org.openqa.selenium.NoSuchElementException: An element could not be located on the page using the given search parameters.
For documentation on this error, please visit: https://www.seleniumhq.org/exceptions/no_such_element.html
Build info: version: '3.141.59', revision: 'e82be7d358', time: '2018-11-14T08:17:03'
System info: host: 'LAPTOP-T69AHU1A', ip: '192.168.0.104', os.name: 'Windows 10', os.arch: 'amd64', os.version: '10.0', java.version: '17.0.6'
Driver info: io.appium.java_client.android.AndroidDriver
Capabilities {adbExecTimeout: 60000, appActivity: com.stocky_dodo.app.MainAct..., appPackage: com.stocky_dodo.app, appWaitForLaunch: false, automationName: UiAutomator2, databaseEnabled: false, desired: {adbExecTimeout: 60000, appActivity: com.stocky_dodo.app.MainAct..., appPackage: com.stocky_dodo.app, appWaitForLaunch: false, automationName: UiAutomator2, deviceName: realme RMX3081, noReset: true, platformName: android}, deviceApiLevel: 31, deviceManufacturer: realme, deviceModel: RMX3081, deviceName: 21b7da02, deviceScreenDensity: 480, deviceScreenSize: 1080x2400, deviceUDID: 21b7da02, javascriptEnabled: true, locationContextEnabled: false, networkConnectionEnabled: true, noReset: true, pixelRatio: 3, platform: LINUX, platformName: Android, platformVersion: 12, statBarHeight: 108, takesScreenshot: true, viewportRect: {height: 2050, left: 0, top: 108, width: 1080}, warnings: {}, webStorageEnabled: false}
Session ID: c9a8de80-032a-4062-9ea9-1f6324c1f41a
*** Element info: {Using=xpath, value=/hierarchy/android.widget.FrameLayout/android.widget.LinearLayout/android.widget.FrameLayout/android.widget.FrameLayout/android.widget.FrameLayout/android.view.View/android.view.View/android.view.View/android.view.View/android.view.View[1]/android.widget.ImageView[4]}
at org.openqa.selenium.remote.http.W3CHttpResponseCodec.createException(W3CHttpResponseCodec.java:187)
at org.openqa.selenium.remote.http.W3CHttpResponseCodec.decode(W3CHttpResponseCodec.java:122)
at org.openqa.selenium.remote.http.W3CHttpResponseCodec.decode(W3CHttpResponseCodec.java:49)
at org.openqa.selenium.remote.HttpCommandExecutor.execute(HttpCommandExecutor.java:158)
at io.appium.java_client.remote.AppiumCommandExecutor.execute(AppiumCommandExecutor.java:250)
at org.openqa.selenium.remote.RemoteWebDriver.execute(RemoteWebDriver.java:552)
at io.appium.java_client.DefaultGenericMobileDriver.execute(DefaultGenericMobileDriver.java:41)
at io.appium.java_client.AppiumDriver.execute(AppiumDriver.java:1)
at io.appium.java_client.android.AndroidDriver.execute(AndroidDriver.java:1)
at org.openqa.selenium.remote.RemoteWebDriver.findElement(RemoteWebDriver.java:323)
at io.appium.java_client.DefaultGenericMobileDriver.findElement(DefaultGenericMobileDriver.java:61)
at io.appium.java_client.AppiumDriver.findElement(AppiumDriver.java:1)
at io.appium.java_client.android.AndroidDriver.findElement(AndroidDriver.java:1)
at org.openqa.selenium.remote.RemoteWebDriver.findElementByXPath(RemoteWebDriver.java:428)
at io.appium.java_client.DefaultGenericMobileDriver.findElementByXPath(DefaultGenericMobileDriver.java:151)
at io.appium.java_client.AppiumDriver.findElementByXPath(AppiumDriver.java:1)
at io.appium.java_client.android.AndroidDriver.findElementByXPath(AndroidDriver.java:1)
at org.openqa.selenium.By$ByXPath.findElement(By.java:353)
at org.openqa.selenium.remote.RemoteWebDriver.findElement(RemoteWebDriver.java:315)
at io.appium.java_client.DefaultGenericMobileDriver.findElement(DefaultGenericMobileDriver.java:57)
at io.appium.java_client.AppiumDriver.findElement(AppiumDriver.java:1)
at io.appium.java_client.android.AndroidDriver.findElement(AndroidDriver.java:1)
at automate.quickstart.EditProfile.ProfileDeepLinkingInApp(EditProfile.java:491)
at java.base/java.util.ArrayList.forEach(ArrayList.java:1511)
... Removed 32 stack frames]]>
    </failure>
  </testcase> <!-- ProfileDeepLinkingInApp -->
  <testcase classname="automate.quickstart.Login" name="LoginComponent" time="0.002"/>
  <testcase classname="automate.quickstart.Login" name="MobileFieldIsEnabled" time="0.001"/>
  <testcase classname="automate.quickstart.Registration" name="sendOTPisDisable" time="0.001"/>
  <testcase classname="automate.quickstart.Registration" name="splashScreen" time="0.001"/>
  <testcase classname="automate.quickstart.Registration" name="registrationNegativeTestCaseZeroInput" time="0.088">
    <failure type="java.lang.NullPointerException" message="Cannot invoke &amp;quot;io.appium.java_client.android.AndroidDriver.findElement(org.openqa.selenium.By)&amp;quot; because &amp;quot;this.driver&amp;quot; is null">
      <![CDATA[java.lang.NullPointerException: Cannot invoke "io.appium.java_client.android.AndroidDriver.findElement(org.openqa.selenium.By)" because "this.driver" is null
at automate.quickstart.Registration.registrationNegativeTestCaseZeroInput(Registration.java:169)
at java.base/java.util.ArrayList.forEach(ArrayList.java:1511)
... Removed 27 stack frames]]>
    </failure>
  </testcase> <!-- registrationNegativeTestCaseZeroInput -->
  <testcase classname="automate.quickstart.Registration" name="RegistrationTermandConditionNegativeTestCase" time="5.009">
    <failure type="java.lang.NullPointerException" message="Cannot invoke &amp;quot;io.appium.java_client.android.AndroidDriver.findElement(org.openqa.selenium.By)&amp;quot; because &amp;quot;this.driver&amp;quot; is null">
      <![CDATA[java.lang.NullPointerException: Cannot invoke "io.appium.java_client.android.AndroidDriver.findElement(org.openqa.selenium.By)" because "this.driver" is null
at automate.quickstart.Registration.RegistrationTermandConditionNegativeTestCase(Registration.java:375)
at java.base/java.util.ArrayList.forEach(ArrayList.java:1511)
... Removed 27 stack frames]]>
    </failure>
  </testcase> <!-- RegistrationTermandConditionNegativeTestCase -->
  <testcase classname="automate.quickstart.Registration" name="RegistrationPositveTestCase" time="0.272">
    <failure type="java.lang.NullPointerException" message="Cannot invoke &amp;quot;io.appium.java_client.android.AndroidDriver.findElement(org.openqa.selenium.By)&amp;quot; because &amp;quot;this.driver&amp;quot; is null">
      <![CDATA[java.lang.NullPointerException: Cannot invoke "io.appium.java_client.android.AndroidDriver.findElement(org.openqa.selenium.By)" because "this.driver" is null
at automate.quickstart.Registration.RegistrationPositveTestCase(Registration.java:235)
at java.base/java.util.ArrayList.forEach(ArrayList.java:1511)
... Removed 27 stack frames]]>
    </failure>
  </testcase> <!-- RegistrationPositveTestCase -->
  <testcase classname="automate.quickstart.Registration" name="registrationTellUsNegativeTestCase" time="5.005">
    <failure type="java.lang.NullPointerException" message="Cannot invoke &amp;quot;io.appium.java_client.android.AndroidDriver.findElement(org.openqa.selenium.By)&amp;quot; because &amp;quot;this.driver&amp;quot; is null">
      <![CDATA[java.lang.NullPointerException: Cannot invoke "io.appium.java_client.android.AndroidDriver.findElement(org.openqa.selenium.By)" because "this.driver" is null
at automate.quickstart.Registration.registrationTellUsNegativeTestCase(Registration.java:428)
at java.base/java.util.ArrayList.forEach(ArrayList.java:1511)
... Removed 27 stack frames]]>
    </failure>
  </testcase> <!-- registrationTellUsNegativeTestCase -->
  <testcase classname="automate.quickstart.Registration" name="ReferralNegative" time="0.003">
    <failure type="java.lang.NullPointerException" message="Cannot invoke &amp;quot;io.appium.java_client.android.AndroidDriver.findElement(org.openqa.selenium.By)&amp;quot; because &amp;quot;this.driver&amp;quot; is null">
      <![CDATA[java.lang.NullPointerException: Cannot invoke "io.appium.java_client.android.AndroidDriver.findElement(org.openqa.selenium.By)" because "this.driver" is null
at automate.quickstart.Registration.ReferralNegative(Registration.java:535)
at java.base/java.util.ArrayList.forEach(ArrayList.java:1511)
... Removed 27 stack frames]]>
    </failure>
  </testcase> <!-- ReferralNegative -->
  <testcase classname="automate.quickstart.Registration" name="Referralpositivecase" time="0.001">
    <failure type="java.lang.NullPointerException" message="Cannot invoke &amp;quot;io.appium.java_client.android.AndroidDriver.findElement(org.openqa.selenium.By)&amp;quot; because &amp;quot;this.driver&amp;quot; is null">
      <![CDATA[java.lang.NullPointerException: Cannot invoke "io.appium.java_client.android.AndroidDriver.findElement(org.openqa.selenium.By)" because "this.driver" is null
at automate.quickstart.Registration.Referralpositivecase(Registration.java:580)
at java.base/java.util.ArrayList.forEach(ArrayList.java:1511)
... Removed 27 stack frames]]>
    </failure>
  </testcase> <!-- Referralpositivecase -->
  <testcase classname="automate.quickstart.Registration" name="RegistrationProfileName_NegativeTestCase" time="5.007">
    <failure type="java.lang.NullPointerException" message="Cannot invoke &amp;quot;io.appium.java_client.android.AndroidDriver.findElement(org.openqa.selenium.By)&amp;quot; because &amp;quot;this.driver&amp;quot; is null">
      <![CDATA[java.lang.NullPointerException: Cannot invoke "io.appium.java_client.android.AndroidDriver.findElement(org.openqa.selenium.By)" because "this.driver" is null
at automate.quickstart.Registration.RegistrationProfileName_NegativeTestCase(Registration.java:619)
at java.base/java.util.ArrayList.forEach(ArrayList.java:1511)
... Removed 27 stack frames]]>
    </failure>
  </testcase> <!-- RegistrationProfileName_NegativeTestCase -->
  <testcase classname="automate.quickstart.Wallet" name="addCashComponent" time="0.0">
    <skipped/>
  </testcase> <!-- addCashComponent -->
  <testcase classname="automate.quickstart.Wallet" name="addamounBlank" time="0.0">
    <skipped/>
  </testcase> <!-- addamounBlank -->
  <testcase classname="automate.quickstart.Wallet" name="addamounInDecimal" time="0.0">
    <skipped/>
  </testcase> <!-- addamounInDecimal -->
  <testcase classname="automate.quickstart.Wallet" name="addamounLessThan20" time="0.0">
    <skipped/>
  </testcase> <!-- addamounLessThan20 -->
  <testcase classname="automate.quickstart.Wallet" name="sum" time="0.0">
    <skipped/>
  </testcase> <!-- sum -->
  <testcase classname="automate.quickstart.Wallet" name="withdrawlDisabled" time="0.0">
    <skipped/>
  </testcase> <!-- withdrawlDisabled -->
  <testcase classname="automate.quickstart.Wallet" name="addCashCancelPopUp" time="0.0">
    <skipped/>
  </testcase> <!-- addCashCancelPopUp -->
  <testcase classname="automate.quickstart.Wallet" name="addCashHappyFlow" time="0.0">
    <skipped/>
  </testcase> <!-- addCashHappyFlow -->
  <testcase classname="automate.quickstart.Wallet" name="Deeplinking" time="0.0">
    <skipped/>
  </testcase> <!-- Deeplinking -->
  <testcase classname="automate.quickstart.Registration" name="sendOTPisDisable" time="0.001"/>
  <testcase classname="automate.quickstart.Registration" name="splashScreen" time="0.001"/>
  <testcase classname="automate.quickstart.Registration" name="registrationNegativeTestCaseZeroInput" time="0.004">
    <failure type="java.lang.NullPointerException" message="Cannot invoke &amp;quot;io.appium.java_client.android.AndroidDriver.findElement(org.openqa.selenium.By)&amp;quot; because &amp;quot;this.driver&amp;quot; is null">
      <![CDATA[java.lang.NullPointerException: Cannot invoke "io.appium.java_client.android.AndroidDriver.findElement(org.openqa.selenium.By)" because "this.driver" is null
at automate.quickstart.Registration.registrationNegativeTestCaseZeroInput(Registration.java:169)
at java.base/java.util.ArrayList.forEach(ArrayList.java:1511)
... Removed 27 stack frames]]>
    </failure>
  </testcase> <!-- registrationNegativeTestCaseZeroInput -->
  <testcase classname="automate.quickstart.Registration" name="RegistrationTermandConditionNegativeTestCase" time="5.013">
    <failure type="java.lang.NullPointerException" message="Cannot invoke &amp;quot;io.appium.java_client.android.AndroidDriver.findElement(org.openqa.selenium.By)&amp;quot; because &amp;quot;this.driver&amp;quot; is null">
      <![CDATA[java.lang.NullPointerException: Cannot invoke "io.appium.java_client.android.AndroidDriver.findElement(org.openqa.selenium.By)" because "this.driver" is null
at automate.quickstart.Registration.RegistrationTermandConditionNegativeTestCase(Registration.java:375)
at java.base/java.util.ArrayList.forEach(ArrayList.java:1511)
... Removed 27 stack frames]]>
    </failure>
  </testcase> <!-- RegistrationTermandConditionNegativeTestCase -->
  <testcase classname="automate.quickstart.Registration" name="RegistrationPositveTestCase" time="0.177">
    <failure type="java.lang.NullPointerException" message="Cannot invoke &amp;quot;io.appium.java_client.android.AndroidDriver.findElement(org.openqa.selenium.By)&amp;quot; because &amp;quot;this.driver&amp;quot; is null">
      <![CDATA[java.lang.NullPointerException: Cannot invoke "io.appium.java_client.android.AndroidDriver.findElement(org.openqa.selenium.By)" because "this.driver" is null
at automate.quickstart.Registration.RegistrationPositveTestCase(Registration.java:235)
at java.base/java.util.ArrayList.forEach(ArrayList.java:1511)
... Removed 27 stack frames]]>
    </failure>
  </testcase> <!-- RegistrationPositveTestCase -->
  <testcase classname="automate.quickstart.Registration" name="registrationTellUsNegativeTestCase" time="5.014">
    <failure type="java.lang.NullPointerException" message="Cannot invoke &amp;quot;io.appium.java_client.android.AndroidDriver.findElement(org.openqa.selenium.By)&amp;quot; because &amp;quot;this.driver&amp;quot; is null">
      <![CDATA[java.lang.NullPointerException: Cannot invoke "io.appium.java_client.android.AndroidDriver.findElement(org.openqa.selenium.By)" because "this.driver" is null
at automate.quickstart.Registration.registrationTellUsNegativeTestCase(Registration.java:428)
at java.base/java.util.ArrayList.forEach(ArrayList.java:1511)
... Removed 27 stack frames]]>
    </failure>
  </testcase> <!-- registrationTellUsNegativeTestCase -->
  <testcase classname="automate.quickstart.Registration" name="ReferralNegative" time="0.0">
    <failure type="java.lang.NullPointerException" message="Cannot invoke &amp;quot;io.appium.java_client.android.AndroidDriver.findElement(org.openqa.selenium.By)&amp;quot; because &amp;quot;this.driver&amp;quot; is null">
      <![CDATA[java.lang.NullPointerException: Cannot invoke "io.appium.java_client.android.AndroidDriver.findElement(org.openqa.selenium.By)" because "this.driver" is null
at automate.quickstart.Registration.ReferralNegative(Registration.java:535)
at java.base/java.util.ArrayList.forEach(ArrayList.java:1511)
... Removed 27 stack frames]]>
    </failure>
  </testcase> <!-- ReferralNegative -->
  <testcase classname="automate.quickstart.Registration" name="Referralpositivecase" time="0.0">
    <failure type="java.lang.NullPointerException" message="Cannot invoke &amp;quot;io.appium.java_client.android.AndroidDriver.findElement(org.openqa.selenium.By)&amp;quot; because &amp;quot;this.driver&amp;quot; is null">
      <![CDATA[java.lang.NullPointerException: Cannot invoke "io.appium.java_client.android.AndroidDriver.findElement(org.openqa.selenium.By)" because "this.driver" is null
at automate.quickstart.Registration.Referralpositivecase(Registration.java:580)
at java.base/java.util.ArrayList.forEach(ArrayList.java:1511)
... Removed 27 stack frames]]>
    </failure>
  </testcase> <!-- Referralpositivecase -->
  <testcase classname="automate.quickstart.Registration" name="RegistrationProfileName_NegativeTestCase" time="5.012">
    <failure type="java.lang.NullPointerException" message="Cannot invoke &amp;quot;io.appium.java_client.android.AndroidDriver.findElement(org.openqa.selenium.By)&amp;quot; because &amp;quot;this.driver&amp;quot; is null">
      <![CDATA[java.lang.NullPointerException: Cannot invoke "io.appium.java_client.android.AndroidDriver.findElement(org.openqa.selenium.By)" because "this.driver" is null
at automate.quickstart.Registration.RegistrationProfileName_NegativeTestCase(Registration.java:619)
at java.base/java.util.ArrayList.forEach(ArrayList.java:1511)
... Removed 27 stack frames]]>
    </failure>
  </testcase> <!-- RegistrationProfileName_NegativeTestCase -->
</testsuite> <!-- Test -->
